<?xml version="1.0" encoding="UTF-8"?>
<!-- Generated by org.testng.reporters.JUnitReportReporter -->
<testsuite hostname="BADARINATH-NB1" name="com.clearTrip.flights.tests.TestBookFlight" tests="1" failures="0" timestamp="18 Dec 2016 13:55:38 GMT" time="29.592" errors="0">
  <testcase name="bookHyderabadToBangaloreFlight" time="29.592" classname="com.clearTrip.flights.tests.TestBookFlight"/>
</testsuite> <!-- com.clearTrip.flights.tests.TestBookFlight -->
